Using pre-set license
Built from '2020.3/staging' branch; Version is '2020.3.0f1 (c7b5465681fb) revision 13088070'; Using compiler version '192528614'; Build Type 'Release'
OS: 'Windows 10 Pro; OS build 19042.804; Version 2009; 64bit' Language: 'ru' Physical Memory: 8026 MB
BatchMode: 1, IsHumanControllingUs: 0, StartBugReporterOnCrash: 0, Is64bit: 1, IsPro: 0

 COMMAND LINE ARGUMENTS:
C:\Program Files\Unity\Hub\Editor\2020.3.0f1\Editor\Unity.exe
-adb2
-batchMode
-noUpm
-name
AssetImportWorker0
-projectPath
C:/progekt/Shooter
-logFile
Logs/AssetImportWorker0.log
-srvPort
63738
Successfully changed project path to: C:/progekt/Shooter
C:/progekt/Shooter
Using Asset Import Pipeline V2.
Refreshing native plugins compatible for Editor in 128.55 ms, found 0 plugins.
Preloading 0 native plugins for Editor in 0.00 ms.
Initialize engine version: 2020.3.0f1 (c7b5465681fb)
[Subsystems] Discovering subsystems at path C:/Program Files/Unity/Hub/Editor/2020.3.0f1/Editor/Data/Resources/UnitySubsystems
[Subsystems] Discovering subsystems at path C:/progekt/Shooter/Assets
GfxDevice: creating device client; threaded=0
Direct3D:
    Version:  Direct3D 11.0 [level 11.1]
    Renderer: Intel(R) HD Graphics (ID=0x22b1)
    Vendor:   
    VRAM:     4013 MB
    Driver:   20.19.15.4352
Initialize mono
Mono path[0] = 'C:/Program Files/Unity/Hub/Editor/2020.3.0f1/Editor/Data/Managed'
Mono path[1] = 'C:/Program Files/Unity/Hub/Editor/2020.3.0f1/Editor/Data/MonoBleedingEdge/lib/mono/unityjit'
Mono config path = 'C:/Program Files/Unity/Hub/Editor/2020.3.0f1/Editor/Data/MonoBleedingEdge/etc'
Using monoOptions --debugger-agent=transport=dt_socket,embedding=1,server=y,suspend=n,address=127.0.0.1:56232
Begin MonoManager ReloadAssembly
Registering precompiled unity dll's ...
Register platform support module: C:/Program Files/Unity/Hub/Editor/2020.3.0f1/Editor/Data/PlaybackEngines/WindowsStandaloneSupport/UnityEditor.WindowsStandalone.Extensions.dll
Registered in 0.005391 seconds.
Native extension for WindowsStandalone target not found
Refreshing native plugins compatible for Editor in 108.66 ms, found 0 plugins.
Preloading 0 native plugins for Editor in 0.00 ms.
Invoked RoslynAnalysisRunner static constructor.
RoslynAnalysisRunner will not be running.
RoslynAnalysisRunner has terminated.
Mono: successfully reloaded assembly
- Completed reload, in  8.674 seconds
Platform modules already initialized, skipping
Registering precompiled user dll's ...
Registered in 0.002718 seconds.
Begin MonoManager ReloadAssembly
Native extension for WindowsStandalone target not found
Refreshing native plugins compatible for Editor in 0.74 ms, found 0 plugins.
Preloading 0 native plugins for Editor in 0.00 ms.
Invoked RoslynAnalysisRunner static constructor.
RoslynAnalysisRunner will not be running.
RoslynAnalysisRunner has terminated.
Mono: successfully reloaded assembly
- Completed reload, in  3.642 seconds
Platform modules already initialized, skipping
========================================================================
Worker process is ready to serve import requests
Launched and connected shader compiler UnityShaderCompiler.exe after 0.14 seconds
Refreshing native plugins compatible for Editor in 0.75 ms, found 0 plugins.
Preloading 0 native plugins for Editor in 0.00 ms.
Unloading 1125 Unused Serialized files (Serialized files now loaded: 0)
System memory in use before: 57.5 MB.
System memory in use after: 57.5 MB.

Unloading 10 unused Assets to reduce memory usage. Loaded Objects now: 1568.
Total: 6.522300 ms (FindLiveObjects: 0.529900 ms CreateObjectMapping: 0.106100 ms MarkObjects: 5.613400 ms  DeleteObjects: 0.266600 ms)

========================================================================
Received Import Request.
  path: Assets/Sprite/gui-значков-игры-ui-57881551-PhotoRoom.png
  artifactKey: Guid(d2a1a72e30ee8b844abed3825d7e88b7) Importer(815301076,1909f56bfc062723c751e8b465ee728b)
Start importing Assets/Sprite/gui-значков-игры-ui-57881551-PhotoRoom.png using Guid(d2a1a72e30ee8b844abed3825d7e88b7) Importer(815301076,1909f56bfc062723c751e8b465ee728b)  -> (artifact id: '59ca18e4d54aaf2aa975cce4391327da') in 0.543192 seconds
  Import took 0.550110 seconds .

========================================================================
Received Import Request.
  Time since last request: 21.065660 seconds.
  path: Assets/Sprite/gui-значков-игры-ui-57881551-PhotoRoom.png
  artifactKey: Guid(d2a1a72e30ee8b844abed3825d7e88b7) Importer(815301076,1909f56bfc062723c751e8b465ee728b)
Start importing Assets/Sprite/gui-значков-игры-ui-57881551-PhotoRoom.png using Guid(d2a1a72e30ee8b844abed3825d7e88b7) Importer(815301076,1909f56bfc062723c751e8b465ee728b)  -> (artifact id: '97894fd430c7fa894e55d9ec5350538a') in 0.106700 seconds
  Import took 0.116039 seconds .

========================================================================
Received Prepare
Registering precompiled user dll's ...
Registered in 0.002529 seconds.
Begin MonoManager ReloadAssembly
Native extension for WindowsStandalone target not found
Refreshing native plugins compatible for Editor in 0.74 ms, found 0 plugins.
Preloading 0 native plugins for Editor in 0.00 ms.
Invoked RoslynAnalysisRunner static constructor.
RoslynAnalysisRunner will not be running.
RoslynAnalysisRunner has terminated.
Mono: successfully reloaded assembly
- Completed reload, in  3.277 seconds
Platform modules already initialized, skipping
Switching build target platform(5) subTarget(0) extendedPlatform(0) -> platform(13) subTarget(537395200) extendedPlatform(0)
Refreshing native plugins compatible for Editor in 0.84 ms, found 0 plugins.
Preloading 0 native plugins for Editor in 0.00 ms.
Unloading 1157 Unused Serialized files (Serialized files now loaded: 0)
System memory in use before: 61.5 MB.
System memory in use after: 61.6 MB.

Unloading 5 unused Assets to reduce memory usage. Loaded Objects now: 1611.
Total: 6.111400 ms (FindLiveObjects: 0.495800 ms CreateObjectMapping: 0.123200 ms MarkObjects: 5.334300 ms  DeleteObjects: 0.153200 ms)

AssetImportParameters requested are different than current active one (requested -> active):
  custom:graphics/normal-map-encoding: 01000000000000000000000000000000 -> 02000000000000000000000000000000
========================================================================
Received Import Request.
  Time since last request: 494.493202 seconds.
  path: Assets/Sprite/gui-значков-игры-ui-57881551-PhotoRoom.png
  artifactKey: Guid(d2a1a72e30ee8b844abed3825d7e88b7) Importer(815301076,1909f56bfc062723c751e8b465ee728b)
Start importing Assets/Sprite/gui-значков-игры-ui-57881551-PhotoRoom.png using Guid(d2a1a72e30ee8b844abed3825d7e88b7) Importer(815301076,1909f56bfc062723c751e8b465ee728b)  -> (artifact id: '50a9223426e6f1f12848845f5526b355') in 0.461725 seconds
  Import took 0.470795 seconds .

========================================================================
Received Import Request.
  Time since last request: 931.040422 seconds.
  path: Assets/Sprite/kisspng-button-download-adobe-illustrator-blue-order-buy-button-5a9b220fe7ac08.1340978515201162399489.png
  artifactKey: Guid(a6f13c6aa5548e74bbc7f7ee443bfb0d) Importer(815301076,1909f56bfc062723c751e8b465ee728b)
Start importing Assets/Sprite/kisspng-button-download-adobe-illustrator-blue-order-buy-button-5a9b220fe7ac08.1340978515201162399489.png using Guid(a6f13c6aa5548e74bbc7f7ee443bfb0d) Importer(815301076,1909f56bfc062723c751e8b465ee728b)  -> (artifact id: '22491bf8d0c38c6a9cb1f69bd8b1eccf') in 0.070851 seconds
  Import took 0.077329 seconds .

========================================================================
Received Import Request.
  Time since last request: 9.905239 seconds.
  path: Assets/Sprite/kisspng-button-download-adobe-illustrator-blue-order-buy-button-5a9b220fe7ac08.1340978515201162399489.png
  artifactKey: Guid(a6f13c6aa5548e74bbc7f7ee443bfb0d) Importer(815301076,1909f56bfc062723c751e8b465ee728b)
Start importing Assets/Sprite/kisspng-button-download-adobe-illustrator-blue-order-buy-button-5a9b220fe7ac08.1340978515201162399489.png using Guid(a6f13c6aa5548e74bbc7f7ee443bfb0d) Importer(815301076,1909f56bfc062723c751e8b465ee728b)  -> (artifact id: '17334e8bbfb1e2f40e29340664f5b702') in 0.073927 seconds
  Import took 0.083075 seconds .

========================================================================
Received Import Request.
  Time since last request: 0.024198 seconds.
  path: Assets/Sprite/kisspng-button-download-adobe-illustrator-blue-order-buy-button-5a9b220fe7ac08.1340978515201162399489.png
  artifactKey: Guid(a6f13c6aa5548e74bbc7f7ee443bfb0d) Importer(815301076,1909f56bfc062723c751e8b465ee728b)
Start importing Assets/Sprite/kisspng-button-download-adobe-illustrator-blue-order-buy-button-5a9b220fe7ac08.1340978515201162399489.png using Guid(a6f13c6aa5548e74bbc7f7ee443bfb0d) Importer(815301076,1909f56bfc062723c751e8b465ee728b)  -> (artifact id: '17334e8bbfb1e2f40e29340664f5b702') in 0.031103 seconds
  Import took 0.037509 seconds .

========================================================================
Received Prepare
Registering precompiled user dll's ...
Registered in 0.010626 seconds.
Begin MonoManager ReloadAssembly
Native extension for WindowsStandalone target not found
Refreshing native plugins compatible for Editor in 1.34 ms, found 0 plugins.
Preloading 0 native plugins for Editor in 0.00 ms.
Invoked RoslynAnalysisRunner static constructor.
RoslynAnalysisRunner will not be running.
RoslynAnalysisRunner has terminated.
Mono: successfully reloaded assembly
- Completed reload, in 13.386 seconds
Platform modules already initialized, skipping
Switching build target platform(5) subTarget(0) extendedPlatform(0) -> platform(13) subTarget(537395200) extendedPlatform(0)
Refreshing native plugins compatible for Editor in 1.54 ms, found 0 plugins.
Preloading 0 native plugins for Editor in 0.00 ms.
Unloading 1157 Unused Serialized files (Serialized files now loaded: 0)
System memory in use before: 61.6 MB.
System memory in use after: 61.6 MB.

Unloading 5 unused Assets to reduce memory usage. Loaded Objects now: 1626.
Total: 33.252700 ms (FindLiveObjects: 8.382700 ms CreateObjectMapping: 0.655800 ms MarkObjects: 22.588300 ms  DeleteObjects: 1.615300 ms)

AssetImportParameters requested are different than current active one (requested -> active):
  custom:graphics/normal-map-encoding: 01000000000000000000000000000000 -> 02000000000000000000000000000000
========================================================================
Received Import Request.
  Time since last request: 1137.716726 seconds.
  path: Assets/Sprite/48db0c68486201Y3JvcCw5MTIsNzEzLDEyOCwxNTg-transformed.png
  artifactKey: Guid(8842f3269feebf64d98ac3c2cfed654b) Importer(815301076,1909f56bfc062723c751e8b465ee728b)
Start importing Assets/Sprite/48db0c68486201Y3JvcCw5MTIsNzEzLDEyOCwxNTg-transformed.png using Guid(8842f3269feebf64d98ac3c2cfed654b) Importer(815301076,1909f56bfc062723c751e8b465ee728b)  -> (artifact id: 'a2dea4a95e8bdf8f57ffb834a538c699') in 0.190961 seconds
  Import took 0.199273 seconds .

========================================================================
Received Import Request.
  Time since last request: 72.516346 seconds.
  path: Assets/Sprite/48db0c68486201Y3JvcCw5MTIsNzEzLDEyOCwxNTg-transformed.png
  artifactKey: Guid(8842f3269feebf64d98ac3c2cfed654b) Importer(815301076,1909f56bfc062723c751e8b465ee728b)
Start importing Assets/Sprite/48db0c68486201Y3JvcCw5MTIsNzEzLDEyOCwxNTg-transformed.png using Guid(8842f3269feebf64d98ac3c2cfed654b) Importer(815301076,1909f56bfc062723c751e8b465ee728b)  -> (artifact id: '1cc6793c629961295c034722cbd46429') in 0.137413 seconds
  Import took 0.145479 seconds .

========================================================================
Received Import Request.
  Time since last request: 227.278693 seconds.
  path: Assets/Scenes/Level_1.unity
  artifactKey: Guid(784063c0bad83ca4799efa97cc6e91c2) Importer(815301076,1909f56bfc062723c751e8b465ee728b)
Start importing Assets/Scenes/Level_1.unity using Guid(784063c0bad83ca4799efa97cc6e91c2) Importer(815301076,1909f56bfc062723c751e8b465ee728b)  -> (artifact id: '1580fc5613457a9d0e64b7f19c481082') in 0.009170 seconds
  Import took 0.015736 seconds .

AssetImportWorkerClient::OnTransportError - code=2 error=End of file
